<?xml version="1.0" encoding="UTF-8"?>
<!-- Generated by org.testng.reporters.JUnitReportReporter -->
<testsuite hostname="FEUJI-V012D" failures="0" tests="6" name="com.cucumber.stepdefinitions.TestRunner" time="112.301" errors="0" timestamp="2024-06-07T15:26:39 IST" skipped="0">
  <testcase classname="com.cucumber.stepdefinitions.TestRunner" name="runScenario" time="19.473"/>
  <system-out/>
  <testcase classname="com.cucumber.stepdefinitions.TestRunner" name="runScenario" time="19.488"/>
  <system-out/>
  <testcase classname="com.cucumber.stepdefinitions.TestRunner" name="runScenario" time="13.863"/>
  <system-out/>
  <testcase classname="com.cucumber.stepdefinitions.TestRunner" name="runScenario" time="26.615"/>
  <system-out/>
  <testcase classname="com.cucumber.stepdefinitions.TestRunner" name="runScenario" time="18.516"/>
  <system-out/>
  <testcase classname="com.cucumber.stepdefinitions.TestRunner" name="runScenario" time="14.346"/>
  <system-out/>
</testsuite> <!-- com.cucumber.stepdefinitions.TestRunner -->
