<?xml version="1.0" encoding="UTF-8"?>
<!-- Generated by org.testng.reporters.JUnitReportReporter -->
<testsuite hostname="FEUJI-V012D" failures="0" tests="6" name="com.cucumber.stepdefinitions.TestRunner" time="105.518" errors="0" timestamp="2024-06-06T14:44:02 IST" skipped="0">
  <testcase classname="com.cucumber.stepdefinitions.TestRunner" name="runScenario" time="18.492"/>
  <testcase classname="com.cucumber.stepdefinitions.TestRunner" name="runScenario" time="18.506"/>
  <testcase classname="com.cucumber.stepdefinitions.TestRunner" name="runScenario" time="12.617"/>
  <testcase classname="com.cucumber.stepdefinitions.TestRunner" name="runScenario" time="12.371"/>
  <testcase classname="com.cucumber.stepdefinitions.TestRunner" name="runScenario" time="25.043"/>
  <testcase classname="com.cucumber.stepdefinitions.TestRunner" name="runScenario" time="18.489"/>
</testsuite> <!-- com.cucumber.stepdefinitions.TestRunner -->
